<?xml version="1.0" encoding="UTF-8"?>
<!-- Generated by org.testng.reporters.JUnitReportReporter -->
<testsuite hostname="HAU" failures="0" tests="3" name="com.selenium.tests.LoginTest" time="25.953" errors="0" timestamp="2021-10-12T20:19:23 ICT" skipped="0">
  <testcase classname="com.selenium.tests.LoginTest" name="loginSuceesTest" time="6.233"/>
  <system-out/>
  <testcase classname="com.selenium.tests.LoginTest" name="loginErrorTest" time="2.626"/>
  <system-out/>
  <testcase classname="com.selenium.tests.LoginTest" name="checkoutTest" time="17.094"/>
  <system-out/>
</testsuite> <!-- com.selenium.tests.LoginTest -->
